2015-07-08 16:03:15 =ERROR REPORT====
GET / [dashboard] 404 0ms2015-07-08 16:04:08 =SUPERVISOR REPORT====
     Supervisor: {<0.114.0>,poolboy_sup}
     Context:    shutdown_error
     Reason:     shutdown
     Offender:   [{nb_children,1},{name,boss_session_controller},{mfargs,{boss_session_controller,start_link,[[{name,{local,boss_session_pool}},{worker_module,boss_session_controller},{size,20},{max_overflow,40},{adapter,boss_session_adapter_mock},{session_exp_time,525600},{session_key,"_boss_session"}]]}},{restart_type,temporary},{shutdown,5000},{child_type,worker}]

2015-07-08 16:34:40 =SUPERVISOR REPORT====
     Supervisor: {<0.123.0>,poolboy_sup}
     Context:    shutdown_error
     Reason:     shutdown
     Offender:   [{nb_children,1},{name,boss_session_controller},{mfargs,{boss_session_controller,start_link,[[{name,{local,boss_session_pool}},{worker_module,boss_session_controller},{size,20},{max_overflow,40},{adapter,boss_session_adapter_mock},{session_exp_time,525600},{session_key,"_boss_session"}]]}},{restart_type,temporary},{shutdown,5000},{child_type,worker}]

2015-07-08 16:36:34 =ERROR REPORT====
GET / [dashboard] 404 0ms2015-07-08 16:36:39 =ERROR REPORT====
GET / [dashboard] 404 0ms2015-07-08 17:48:39 =SUPERVISOR REPORT====
     Supervisor: {<0.123.0>,poolboy_sup}
     Context:    shutdown_error
     Reason:     shutdown
     Offender:   [{nb_children,1},{name,boss_session_controller},{mfargs,{boss_session_controller,start_link,[[{name,{local,boss_session_pool}},{worker_module,boss_session_controller},{size,20},{max_overflow,40},{adapter,boss_session_adapter_mock},{session_exp_time,525600},{session_key,"_boss_session"}]]}},{restart_type,temporary},{shutdown,5000},{child_type,worker}]

2015-07-08 18:07:31 =ERROR REPORT====
GET / [dashboard] 404 0ms2015-07-13 12:25:43 =SUPERVISOR REPORT====
     Supervisor: {<0.123.0>,poolboy_sup}
     Context:    shutdown_error
     Reason:     shutdown
     Offender:   [{nb_children,1},{name,boss_session_controller},{mfargs,{boss_session_controller,start_link,[[{name,{local,boss_session_pool}},{worker_module,boss_session_controller},{size,20},{max_overflow,40},{adapter,boss_session_adapter_mock},{session_exp_time,525600},{session_key,"_boss_session"}]]}},{restart_type,temporary},{shutdown,5000},{child_type,worker}]

2015-07-13 16:06:36 =ERROR REPORT====
POST /metricdashboard/get_inventory_opm_count [dashboard] 404 0ms2015-07-13 16:06:36 =ERROR REPORT====
POST /metricdashboard/get_inventory_opm_count [dashboard] 404 0ms2015-07-13 16:06:36 =ERROR REPORT====
POST /metricdashboard/get_inventory_opm_count [dashboard] 404 0ms2015-07-13 16:06:36 =ERROR REPORT====
POST /metricdashboard/get_inventory_opm_count [dashboard] 404 0ms2015-07-13 16:06:36 =ERROR REPORT====
POST /metricdashboard/get_inventory_opm_count [dashboard] 404 0ms2015-07-13 16:06:36 =ERROR REPORT====
POST /metricdashboard/get_inventory_opm_count [dashboard] 404 0ms2015-07-13 16:06:36 =ERROR REPORT====
POST /metricdashboard/get_inventory_opm_count [dashboard] 404 0ms2015-07-13 16:06:36 =ERROR REPORT====
POST /metricdashboard/get_inventory_opm_count [dashboard] 404 0ms2015-07-13 16:06:36 =ERROR REPORT====
POST /metricdashboard/get_inventory_opm_count [dashboard] 404 0ms2015-07-13 16:06:36 =ERROR REPORT====
POST /metricdashboard/get_inventory_opm_count [dashboard] 404 0ms2015-07-13 16:06:36 =ERROR REPORT====
POST /metricdashboard/get_inventory_opm_count [dashboard] 404 0ms2015-07-13 16:06:36 =ERROR REPORT====
POST /metricdashboard/get_inventory_opm_count [dashboard] 404 0ms2015-07-13 16:06:36 =ERROR REPORT====
POST /metricdashboard/get_inventory_opm_count [dashboard] 404 0ms2015-07-13 16:06:36 =ERROR REPORT====
POST /metricdashboard/get_inventory_opm_count [dashboard] 404 0ms2015-07-13 16:06:36 =ERROR REPORT====
POST /metricdashboard/get_inventory_opm_count [dashboard] 404 0ms2015-07-13 16:06:36 =ERROR REPORT====
POST /metricdashboard/get_inventory_opm_count [dashboard] 404 0ms2015-07-13 16:06:36 =ERROR REPORT====
POST /metricdashboard/get_inventory_opm_count [dashboard] 404 0ms2015-07-13 16:06:36 =ERROR REPORT====
POST /metricdashboard/get_inventory_opm_count [dashboard] 404 0ms2015-07-15 18:19:51 =ERROR REPORT====
GET /admin/users [dashboard] 404 0ms2015-07-16 11:51:01 =ERROR REPORT====
Ranch listener boss_http_listener had connection process started with cowboy_protocol:start_link/4 at <0.283.0> exit with reason: {{badmatch,false},[{cowboy_router,execute,2,[{file,"src/cowboy_router.erl"},{line,170}]},{cowboy_protocol,execute,4,[{file,"src/cowboy_protocol.erl"},{line,529}]}]}
2015-07-16 11:51:01 =ERROR REPORT====
Error in process <0.283.0> on node 'dashboard@rohit-VirtualBox' with exit value: {{badmatch,false},[{cowboy_router,execute,2,[{file,"src/cowboy_router.erl"},{line,170}]},{cowboy_protocol,execute,4,[{file,"src/cowboy_protocol.erl"},{line,529}]}]}

2015-07-17 16:33:58 =SUPERVISOR REPORT====
     Supervisor: {<0.123.0>,poolboy_sup}
     Context:    shutdown_error
     Reason:     shutdown
     Offender:   [{nb_children,1},{name,boss_session_controller},{mfargs,{boss_session_controller,start_link,[[{name,{local,boss_session_pool}},{worker_module,boss_session_controller},{size,20},{max_overflow,40},{adapter,boss_session_adapter_mock},{session_exp_time,525600},{session_key,"_boss_session"}]]}},{restart_type,temporary},{shutdown,5000},{child_type,worker}]

2015-07-23 11:54:54 =ERROR REPORT====
POST /upload [dashboard] 404 0ms2015-07-23 11:56:07 =ERROR REPORT====
GET /Landing_page/index.html [dashboard] 404 0ms