2015-07-08 16:03:15.850 [error] <0.273.0> GET / [dashboard] 404 0ms
2015-07-08 16:04:08.349 [error] <0.114.0> Supervisor {<0.114.0>,poolboy_sup} had child boss_session_controller started with boss_session_controller:start_link([{name,{local,boss_session_pool}},{worker_module,boss_session_controller},{size,20},{max_overflow,...},...]) at undefined exit with reason shutdown in context shutdown_error
2015-07-08 16:34:40.486 [error] <0.123.0> Supervisor {<0.123.0>,poolboy_sup} had child boss_session_controller started with boss_session_controller:start_link([{name,{local,boss_session_pool}},{worker_module,boss_session_controller},{size,20},{max_overflow,...},...]) at undefined exit with reason shutdown in context shutdown_error
2015-07-08 16:36:34.827 [error] <0.287.0> GET / [dashboard] 404 0ms
2015-07-08 16:36:39.374 [error] <0.289.0> GET / [dashboard] 404 0ms
2015-07-08 17:48:39.387 [error] <0.123.0> Supervisor {<0.123.0>,poolboy_sup} had child boss_session_controller started with boss_session_controller:start_link([{name,{local,boss_session_pool}},{worker_module,boss_session_controller},{size,20},{max_overflow,...},...]) at undefined exit with reason shutdown in context shutdown_error
2015-07-08 18:07:31.874 [error] <0.287.0> GET / [dashboard] 404 0ms
2015-07-13 12:25:43.467 [error] <0.123.0> Supervisor {<0.123.0>,poolboy_sup} had child boss_session_controller started with boss_session_controller:start_link([{name,{local,boss_session_pool}},{worker_module,boss_session_controller},{size,20},{max_overflow,...},...]) at undefined exit with reason shutdown in context shutdown_error
2015-07-13 16:06:36.344 [error] <0.290.0> POST /metricdashboard/get_inventory_opm_count [dashboard] 404 0ms
2015-07-13 16:06:36.344 [error] <0.292.0> POST /metricdashboard/get_inventory_opm_count [dashboard] 404 0ms
2015-07-13 16:06:36.344 [error] <0.293.0> POST /metricdashboard/get_inventory_opm_count [dashboard] 404 0ms
2015-07-13 16:06:36.344 [error] <0.294.0> POST /metricdashboard/get_inventory_opm_count [dashboard] 404 0ms
2015-07-13 16:06:36.344 [error] <0.295.0> POST /metricdashboard/get_inventory_opm_count [dashboard] 404 0ms
2015-07-13 16:06:36.344 [error] <0.296.0> POST /metricdashboard/get_inventory_opm_count [dashboard] 404 0ms
2015-07-13 16:06:36.479 [error] <0.303.0> POST /metricdashboard/get_inventory_opm_count [dashboard] 404 0ms
2015-07-13 16:06:36.512 [error] <0.304.0> POST /metricdashboard/get_inventory_opm_count [dashboard] 404 0ms
2015-07-13 16:06:36.532 [error] <0.305.0> POST /metricdashboard/get_inventory_opm_count [dashboard] 404 0ms
2015-07-13 16:06:36.554 [error] <0.306.0> POST /metricdashboard/get_inventory_opm_count [dashboard] 404 0ms
2015-07-13 16:06:36.579 [error] <0.308.0> POST /metricdashboard/get_inventory_opm_count [dashboard] 404 0ms
2015-07-13 16:06:36.580 [error] <0.307.0> POST /metricdashboard/get_inventory_opm_count [dashboard] 404 0ms
2015-07-13 16:06:36.638 [error] <0.310.0> POST /metricdashboard/get_inventory_opm_count [dashboard] 404 0ms
2015-07-13 16:06:36.672 [error] <0.312.0> POST /metricdashboard/get_inventory_opm_count [dashboard] 404 0ms
2015-07-13 16:06:36.690 [error] <0.314.0> POST /metricdashboard/get_inventory_opm_count [dashboard] 404 0ms
2015-07-13 16:06:36.703 [error] <0.316.0> POST /metricdashboard/get_inventory_opm_count [dashboard] 404 0ms
2015-07-13 16:06:36.717 [error] <0.319.0> POST /metricdashboard/get_inventory_opm_count [dashboard] 404 0ms
2015-07-13 16:06:36.718 [error] <0.320.0> POST /metricdashboard/get_inventory_opm_count [dashboard] 404 0ms
2015-07-15 18:19:51.076 [error] <0.508.0> GET /admin/users [dashboard] 404 0ms
2015-07-16 11:51:01.363 [error] <0.169.0> Ranch listener boss_http_listener had connection process started with cowboy_protocol:start_link/4 at <0.283.0> exit with reason: {{badmatch,false},[{cowboy_router,execute,2,[{file,"src/cowboy_router.erl"},{line,170}]},{cowboy_protocol,execute,4,[{file,"src/cowboy_protocol.erl"},{line,529}]}]}

2015-07-16 11:51:01.363 [error] emulator Error in process <0.283.0> on node 'dashboard@rohit-VirtualBox' with exit value: {{badmatch,false},[{cowboy_router,execute,2,[{file,"src/cowboy_router.erl"},{line,170}]},{cowboy_protocol,execute,4,[{file,"src/cowboy_protocol.erl"},{line,529}]}]}


2015-07-16 13:04:33.561 [error] <0.371.0>@boss_web_controller_handle_request:handle_request:30 Unhandled Error: exit:normal. Stacktrace: [{mochicow_request,send,2,[{file,"src/mochicow_request.erl"},{line,156}]},{mochiweb_io,iodevice_foldl,4,[{file,"src/mochiweb_io.erl"},{line,22}]},{mochiweb_io,iodevice_stream,3,[{file,"src/mochiweb_io.erl"},{line,30}]},{mochicow_request,respond,2,[{file,"src/mochicow_request.erl"},{line,375}]},{mochicow_request,maybe_serve_file,3,[{file,"src/mochicow_request.erl"},{line,683}]},{boss_web_controller_handle_request,handle_request,3,[{file,"src/boss/boss_web_controller_handle_request.erl"},{line,26}]},{mochicow_upgrade,upgrade,4,[{file,"src/mochicow_upgrade.erl"},{line,72}]},{cowboy_protocol,execute,4,[{file,"src/cowboy_protocol.erl"},{line,529}]}]
2015-07-17 16:33:58.749 [error] <0.123.0> Supervisor {<0.123.0>,poolboy_sup} had child boss_session_controller started with boss_session_controller:start_link([{name,{local,boss_session_pool}},{worker_module,boss_session_controller},{size,20},{max_overflow,...},...]) at undefined exit with reason shutdown in context shutdown_error
2015-07-22 11:11:17.464 [error] <0.323.0>@boss_web_controller_handle_request:handle_request:30 Unhandled Error: exit:normal. Stacktrace: [{mochicow_request,send,2,[{file,"src/mochicow_request.erl"},{line,156}]},{mochiweb_io,iodevice_foldl,4,[{file,"src/mochiweb_io.erl"},{line,22}]},{mochiweb_io,iodevice_stream,3,[{file,"src/mochiweb_io.erl"},{line,30}]},{mochicow_request,respond,2,[{file,"src/mochicow_request.erl"},{line,375}]},{mochicow_request,maybe_serve_file,3,[{file,"src/mochicow_request.erl"},{line,683}]},{boss_web_controller_handle_request,handle_request,3,[{file,"src/boss/boss_web_controller_handle_request.erl"},{line,26}]},{mochicow_upgrade,upgrade,4,[{file,"src/mochicow_upgrade.erl"},{line,72}]},{cowboy_protocol,execute,4,[{file,"src/cowboy_protocol.erl"},{line,529}]}]
2015-07-23 11:54:54.698 [error] <0.351.0> POST /upload [dashboard] 404 0ms
2015-07-23 11:56:07.659 [error] <0.359.0> GET /Landing_page/index.html [dashboard] 404 0ms
